<?xml version="1.0" encoding="UTF-8"?>
<!-- Generated by org.testng.reporters.JUnitReportReporter -->
<testsuite hostname="GURU" failures="0" tests="1" name="testScripts.AddTestingCourseToMyCartTest" time="23.935" errors="0" timestamp="2023-05-26T09:11:54 IST" skipped="0">
  <testcase classname="testScripts.AddTestingCourseToMyCartTest" name="addPythonToMyCart" time="23.935"/>
  <system-out/>
</testsuite> <!-- testScripts.AddTestingCourseToMyCartTest -->
