<?xml version="1.0" encoding="UTF-8"?>
<!-- Generated by org.testng.reporters.JUnitReportReporter -->
<testsuite hostname="GURU" failures="0" tests="1" name="testScripts.SendContactDetailsTest" time="16.695" errors="0" timestamp="2023-05-26T09:39:32 IST" skipped="0">
  <testcase classname="testScripts.SendContactDetailsTest" name="sendContactDetailsTest" time="16.695"/>
  <system-out/>
</testsuite> <!-- testScripts.SendContactDetailsTest -->
