<?xml version="1.0" encoding="UTF-8"?>
<!-- Generated by org.testng.reporters.JUnitReportReporter -->
<testsuite hostname="GURU" failures="0" tests="1" name="testScripts.AddToCartTest" time="17.509" errors="0" timestamp="2023-05-25T09:24:09 IST" skipped="0">
  <testcase classname="testScripts.AddToCartTest" name="addToCartTest" time="17.509"/>
  <system-out/>
</testsuite> <!-- testScripts.AddToCartTest -->
